app/seeds.txt
com.demajors.demajorsapp.model.artist.NFTItem
com.demajors.demajorsapp.model.api.detailpokemon.VersionGroupDetailsItem
com.demajors.demajorsapp.model.api.auth.RefreshTokenAPIResponse
com.demajors.demajorsapp.base.BaseActivity
com.demajors.demajorsapp.feature.nft.list.ListNftFragment
com.demajors.demajorsapp.feature.merchandise.DetailMerchandiseActivity
com.demajors.demajorsapp.model.api.pokemon.PokemonResponse
com.demajors.demajorsapp.feature.myartist.detail.rilisan.ListRilisanFragment
com.demajors.demajorsapp.model.api.BaseAPIResponse
com.demajors.demajorsapp.model.api.auth.LoginData
com.demajors.demajorsapp.feature.main.MainActivity
com.demajors.demajorsapp.feature.myartist.detail.nft.ListArtistNFTFragment
com.demajors.demajorsapp.feature.profile.ProfileFragment
com.demajors.demajorsapp.feature.myartist.MyArtistFragment
com.demajors.demajorsapp.feature.detailpokemon.DetailPokemonActivity
com.demajors.demajorsapp.model.api.detailpokemon.VersionGroup
com.demajors.demajorsapp.feature.login.LoginActivity
com.demajors.demajorsapp.model.api.auth.LoginBody
com.demajors.demajorsapp.feature.myartist.detail.ArtistDetailActivity
com.demajors.demajorsapp.model.api.auth.LoginAPIResponse
com.demajors.demajorsapp.model.artist.MerchandiseItem
com.demajors.demajorsapp.feature.home.HomeFragment
com.demajors.demajorsapp.model.api.detailpokemon.Move
com.demajors.demajorsapp.data.AppDatabase
com.demajors.demajorsapp.App
com.demajors.demajorsapp.data.AppDatabase_Impl
com.demajors.demajorsapp.model.api.pokemon.Pokemon
com.demajors.demajorsapp.model.api.detailpokemon.Sprites
com.demajors.demajorsapp.feature.rilisan.DetailRilisanActivity
com.demajors.demajorsapp.model.home.HomeItem
com.demajors.demajorsapp.model.api.auth.RefreshTokenData
com.demajors.demajorsapp.model.api.detailpokemon.OfficialArtwork
com.demajors.demajorsapp.model.api.detailpokemon.DetailPokemonResponse
com.demajors.demajorsapp.model.api.detailpokemon.StatsItem
com.demajors.demajorsapp.model.api.detailpokemon.Type
com.demajors.demajorsapp.feature.detailpokemon.moves.MovesFragment
com.demajors.demajorsapp.model.api.detailpokemon.Other
com.demajors.demajorsapp.feature.song.DetailSongActivity
com.demajors.demajorsapp.model.api.detailpokemon.MovesItem
com.demajors.demajorsapp.feature.detailpokemon.basestat.BaseStatFragment
com.demajors.demajorsapp.model.banner.Banner
com.demajors.demajorsapp.base.BaseFragment
com.demajors.demajorsapp.feature.listpokemon.ListPokemonActivity
com.demajors.demajorsapp.model.artist.RilisanItem
com.demajors.demajorsapp.network.APIService
com.demajors.demajorsapp.feature.nft.detail.DetailNFTActivity
com.demajors.demajorsapp.model.api.detailpokemon.TypesItem
com.demajors.demajorsapp.feature.myartist.detail.merchandise.ListArtistMerchandiseFragment
com.demajors.demajorsapp.model.api.detailpokemon.Stat
com.demajors.demajorsapp.model.home.ArtistItem
com.demajors.demajorsapp.model.api.detailpokemon.Ability
com.demajors.demajorsapp.model.api.detailpokemon.MoveLearnMethod
com.demajors.demajorsapp.model.api.detailpokemon.AbilitiesItem
com.demajors.demajorsapp.model.api.BaseAPIResponse: boolean isSucceed
com.demajors.demajorsapp.model.api.detailpokemon.Ability: java.lang.String url
com.demajors.demajorsapp.model.api.auth.LoginBody: java.lang.String passw
com.demajors.demajorsapp.model.api.BaseAPIResponse: java.lang.String errMessage
com.demajors.demajorsapp.model.api.detailpokemon.TypesItem: com.demajors.demajorsapp.model.api.detailpokemon.Type type
com.demajors.demajorsapp.model.api.detailpokemon.OfficialArtwork: java.lang.String frontDefault
com.demajors.demajorsapp.model.api.detailpokemon.MovesItem: com.demajors.demajorsapp.model.api.detailpokemon.Move move
com.demajors.demajorsapp.model.api.detailpokemon.Other: com.demajors.demajorsapp.model.api.detailpokemon.OfficialArtwork officialArtwork
com.demajors.demajorsapp.model.api.pokemon.Pokemon: java.lang.String name
com.demajors.demajorsapp.model.api.detailpokemon.MoveLearnMethod: java.lang.String url
...
androidx.core.widget.EdgeEffectCompat$Api31Impl: android.widget.EdgeEffect create(android.content.Context,android.util.AttributeSet)
com.caverock.androidsvg.SVG$Style$LineJoin: com.caverock.androidsvg.SVG$Style$LineJoin[] values()
androidx.vectordrawable.graphics.drawable.VectorDrawableCompat$VFullPath: float getStrokeWidth()
androidx.core.view.WindowInsetsCompat$BuilderImpl20: void setStableInsets(androidx.core.graphics.Insets)
com.google.android.material.textfield.TextInputLayout: TextInputLayout(android.content.Context,android.util.AttributeSet)
com.google.firebase.crashlytics.internal.settings.SettingsCacheBehavior: com.google.firebase.crashlytics.internal.settings.SettingsCacheBehavior[] values()
androidx.appcompat.widget.ActionBarContextView: ActionBarContextView(android.content.Context,android.util.AttributeSet)
androidx.core.view.WindowInsetsCompat$Impl20: WindowInsetsCompat$Impl20(androidx.core.view.WindowInsetsCompat,android.view.WindowInsets)
androidx.lifecycle.ReportFragment$LifecycleCallbacks: void onActivityDestroyed(android.app.Activity)
androidx.constraintlayout.core.widgets.analyzer.WidgetRun$RunType: androidx.constraintlayout.core.widgets.analyzer.WidgetRun$RunType[] values()
com.google.gson.internal.bind.ObjectTypeAdapter$1: ObjectTypeAdapter$1()
com.google.android.gms.measurement.AppMeasurementService: AppMeasurementService()
com.google.android.material.datepicker.MaterialCalendar$CalendarSelector: com.google.android.material.datepicker.MaterialCalendar$CalendarSelector[] values()
androidx.room.RoomDatabase$JournalMode: androidx.room.RoomDatabase$JournalMode[] values()
androidx.vectordrawable.graphics.drawable.VectorDrawableCompat$VFullPath: void setStrokeAlpha(float)
androidx.core.view.ViewCompat$Api16Impl: void setHasTransientState(android.view.View,boolean)
androidx.core.view.WindowInsetsCompat$Impl29: androidx.core.view.WindowInsetsCompat inset(int,int,int,int)
androidx.core.view.ViewCompat$Api24Impl: boolean startDragAndDrop(android.view.View,android.content.ClipData,android.view.View$DragShadowBuilder,java.lang.Object,int)
com.caverock.androidsvg.SVG$Style$LineCaps: com.caverock.androidsvg.SVG$Style$LineCaps[] values()
kotlinx.coroutines.android.AndroidDispatcherFactory: int getLoadPriority()
com.bumptech.glide.module.LibraryGlideModule: LibraryGlideModule()
androidx.core.view.WindowInsetsCompat$Impl: boolean isConsumed()
com.google.gson.internal.bind.SqlDateTypeAdapter$1: SqlDateTypeAdapter$1()
okhttp3.internal.publicsuffix.PublicSuffixDatabase: PublicSuffixDatabase()
androidx.core.view.WindowInsetsCompat$Impl28: int hashCode()
com.google.android.datatransport.Priority: com.google.android.datatransport.Priority valueOf(java.lang.String)
com.google.android.gms.stats.GCoreWakefulBroadcastReceiver: GCoreWakefulBroadcastReceiver()
androidx.constraintlayout.core.widgets.ConstraintWidget$DimensionBehaviour: androidx.constraintlayout.core.widgets.ConstraintWidget$DimensionBehaviour valueOf(java.lang.String)
com.google.firebase.analytics.FirebaseAnalytics: com.google.firebase.analytics.FirebaseAnalytics getInstance(android.content.Context)
com.google.firebase.analytics.FirebaseAnalytics: void setCurrentScreen(android.app.Activity,java.lang.String,java.lang.String)
com.google.android.gms.internal.measurement.zzmr: com.google.android.gms.internal.measurement.zzmr[] values()
androidx.vectordrawable.graphics.drawable.VectorDrawableCompat$VGroup: void setScaleX(float)
androidx.core.view.ViewCompat$Api21Impl: androidx.core.view.WindowInsetsCompat computeSystemWindowInsets(android.view.View,androidx.core.view.WindowInsetsCompat,android.graphics.Rect)
androidx.core.view.WindowInsetsCompat$Impl20: void copyRootViewBounds(android.view.View)
com.caverock.androidsvg.PreserveAspectRatio$Alignment: com.caverock.androidsvg.PreserveAspectRatio$Alignment valueOf(java.lang.String)
androidx.core.view.ViewCompat$Api26Impl: boolean hasExplicitFocusable(android.view.View)