app/unused.txt
com.demajors.demajorsapp.App:
    public final com.google.firebase.analytics.FirebaseAnalytics getFirebaseAnalytics()
    public final void setAndroidInjector(dagger.android.DispatchingAndroidInjector)
    public final void setFirebaseAnalytics(com.google.firebase.analytics.FirebaseAnalytics)
com.demajors.demajorsapp.App_MembersInjector:
    private final javax.inject.Provider androidInjectorProvider
    public void <init>(javax.inject.Provider)
    public static dagger.MembersInjector create(javax.inject.Provider)
    public void injectMembers(com.demajors.demajorsapp.App)
    public synthetic bridge void injectMembers(java.lang.Object)
com.demajors.demajorsapp.BuildConfig
com.demajors.demajorsapp.R$anim
com.demajors.demajorsapp.R$animator
com.demajors.demajorsapp.R$attr
com.demajors.demajorsapp.R$bool
com.demajors.demajorsapp.R$color
com.demajors.demajorsapp.R$dimen
com.demajors.demajorsapp.R$drawable
com.demajors.demajorsapp.R$font
com.demajors.demajorsapp.R$id
com.demajors.demajorsapp.R$integer
com.demajors.demajorsapp.R$interpolator
com.demajors.demajorsapp.R$layout
com.demajors.demajorsapp.R$menu
com.demajors.demajorsapp.R$mipmap
com.demajors.demajorsapp.R$plurals
com.demajors.demajorsapp.R$raw
com.demajors.demajorsapp.R$string
com.demajors.demajorsapp.R$style
com.demajors.demajorsapp.R$styleable
com.demajors.demajorsapp.R$xml
com.demajors.demajorsapp.R
com.demajors.demajorsapp.base.BaseActivity:
    public final void setFactory(androidx.lifecycle.ViewModelProvider$Factory)
com.demajors.demajorsapp.base.BaseActivity_MembersInjector:
    private final javax.inject.Provider factoryProvider
    public void <init>(javax.inject.Provider)
    public static dagger.MembersInjector create(javax.inject.Provider)
    public void injectMembers(com.demajors.demajorsapp.base.BaseActivity)
    public synthetic bridge void injectMembers(java.lang.Object)
com.demajors.demajorsapp.base.BaseFragment:
    public final void setFactory(androidx.lifecycle.ViewModelProvider$Factory)
com.demajors.demajorsapp.base.BaseFragment_MembersInjector:
    private final javax.inject.Provider factoryProvider
    public void <init>(javax.inject.Provider)
    public static dagger.MembersInjector create(javax.inject.Provider)
    public void injectMembers(com.demajors.demajorsapp.base.BaseFragment)
    public synthetic bridge void injectMembers(java.lang.Object)
com.demajors.demajorsapp.data.AppDatabase$Companion:
    public final androidx.room.migration.Migration getMIGRATION_1_2()
com.demajors.demajorsapp.data.AppDatabase:
    public static final synthetic androidx.room.migration.Migration access$getMIGRATION_1_2$cp()
com.demajors.demajorsapp.data.AppDatabase_Impl:
    public void clearAllTables()
com.demajors.demajorsapp.data.DataManager:
    private final java.lang.String getAuthorizationHeader()
    public final java.lang.String getEmail()
com.demajors.demajorsapp.data.PreferencesHelper:
    public final void clear()
    public final int getInt(java.lang.String)
    public final java.lang.String getString(java.lang.String,java.lang.String)
    public final void putInt(java.lang.String,int)
com.demajors.demajorsapp.data.local.pokemon.LocalPokemon:
    public synthetic void <init>(int,java.lang.String,java.lang.String,int,kotlin.jvm.internal.DefaultConstructorMarker)
    public final int component1()
    public final java.lang.String component2()
    public final java.lang.String component3()
    public final com.demajors.demajorsapp.data.local.pokemon.LocalPokemon copy(int,java.lang.String,java.lang.String)
    public static synthetic com.demajors.demajorsapp.data.local.pokemon.LocalPokemon copy$default(com.demajors.demajorsapp.data.local.pokemon.LocalPokemon,int,java.lang.String,java.lang.String,int,java.lang.Object)
com.demajors.demajorsapp.data.local.pokemon.LocalPokemonDao$DefaultImpls
...
com.google.android.material.transition.MaterialContainerTransform
com.google.android.material.transition.MaterialElevationScale
com.google.android.material.transition.MaterialFade
com.google.android.material.transition.MaterialFadeThrough
com.google.android.material.transition.MaterialSharedAxis$Axis
com.google.android.material.transition.MaterialSharedAxis
com.google.android.material.transition.MaterialVisibility
com.google.android.material.transition.ScaleProvider$1
com.google.android.material.transition.ScaleProvider
com.google.android.material.transition.SlideDistanceProvider$1
com.google.android.material.transition.SlideDistanceProvider$2
com.google.android.material.transition.SlideDistanceProvider$GravityFlag
com.google.android.material.transition.SlideDistanceProvider
com.google.android.material.transition.TransitionListenerAdapter
com.google.android.material.transition.TransitionUtils$1
com.google.android.material.transition.TransitionUtils$2
com.google.android.material.transition.TransitionUtils$CanvasOperation
com.google.android.material.transition.TransitionUtils$CornerSizeBinaryOperator
com.google.android.material.transition.TransitionUtils
com.google.android.material.transition.VisibilityAnimatorProvider
com.google.android.material.transition.platform.FadeModeEvaluator
com.google.android.material.transition.platform.FadeModeEvaluators$1
com.google.android.material.transition.platform.FadeModeEvaluators$2
com.google.android.material.transition.platform.FadeModeEvaluators$3
com.google.android.material.transition.platform.FadeModeEvaluators$4
com.google.android.material.transition.platform.FadeModeEvaluators
com.google.android.material.transition.platform.FadeModeResult
com.google.android.material.transition.platform.FadeProvider$1
com.google.android.material.transition.platform.FadeProvider$2
com.google.android.material.transition.platform.FadeProvider
com.google.android.material.transition.platform.FadeThroughProvider$1
com.google.android.material.transition.platform.FadeThroughProvider$2
com.google.android.material.transition.platform.FadeThroughProvider
com.google.android.material.transition.platform.FitModeEvaluator
com.google.android.material.transition.platform.FitModeEvaluators$1
com.google.android.material.transition.platform.FitModeEvaluators$2
com.google.android.material.transition.platform.FitModeEvaluators
com.google.android.material.transition.platform.FitModeResult
com.google.android.material.transition.platform.Hold
com.google.android.material.transition.platform.MaskEvaluator
com.google.android.material.transition.platform.MaterialArcMotion
com.google.android.material.transition.platform.MaterialContainerTransform$1
com.google.android.material.transition.platform.MaterialContainerTransform$2
com.google.android.material.transition.platform.MaterialContainerTransform$FadeMode
com.google.android.material.transition.platform.MaterialContainerTransform$FitMode
com.google.android.material.transition.platform.MaterialContainerTransform$ProgressThresholds
com.google.android.material.transition.platform.MaterialContainerTransform$ProgressThresholdsGroup
com.google.android.material.transition.platform.MaterialContainerTransform$TransitionDirection
com.google.android.material.transition.platform.MaterialContainerTransform$TransitionDrawable$1
com.google.android.material.transition.platform.MaterialContainerTransform$TransitionDrawable$2
com.google.android.material.transition.platform.MaterialContainerTransform$TransitionDrawable
com.google.android.material.transition.platform.MaterialContainerTransform
com.google.android.material.transition.platform.MaterialContainerTransformSharedElementCallback$1
com.google.android.material.transition.platform.MaterialContainerTransformSharedElementCallback$2
com.google.android.material.transition.platform.MaterialContainerTransformSharedElementCallback$3
com.google.android.material.transition.platform.MaterialContainerTransformSharedElementCallback$ShapeProvider